Arguments: 
  D:\nodeJS\node.exe C:\Users\Erykov9\AppData\Roaming\npm\node_modules\yarn\bin\yarn.js init

PATH: 
  C:\Users\Erykov9\bin;D:\Git\mingw64\bin;D:\Git\usr\local\bin;D:\Git\usr\bin;D:\Git\usr\bin;D:\Git\mingw64\bin;D:\Git\usr\bin;C:\Users\Erykov9\bin;C:\Windows\system32;C:\Windows;C:\Windows\System32\Wbem;C:\Windows\System32\WindowsPowerShell\v1.0;C:\Windows\System32\OpenSSH;D:\Git\cmd;D:\nodeJS;C:\Users\Erykov9\AppData\Local\Microsoft\WindowsApps;D:\Microsoft VS Code\bin;C:\Users\Erykov9\AppData\Roaming\npm;D:\Git\usr\bin\vendor_perl;D:\Git\usr\bin\core_perl

Yarn version: 
  1.22.19

Node version: 
  16.17.0

Platform: 
  win32 x64

Trace: 
  Error: Can't answer a question unless a user TTY
      at ConsoleReporter.question (C:\Users\Erykov9\AppData\Roaming\npm\node_modules\yarn\lib\cli.js:92864:59)
      at Object.<anonymous> (C:\Users\Erykov9\AppData\Roaming\npm\node_modules\yarn\lib\cli.js:85054:38)
      at Generator.next (<anonymous>)
      at step (C:\Users\Erykov9\AppData\Roaming\npm\node_modules\yarn\lib\cli.js:310:30)
      at C:\Users\Erykov9\AppData\Roaming\npm\node_modules\yarn\lib\cli.js:321:13

npm manifest: 
  {
    "dependencies": {
      "yarn": "^1.22.19"
    }
  }

yarn manifest: 
  No manifest

Lockfile: 
  # THIS IS AN AUTOGENERATED FILE. DO NOT EDIT THIS FILE DIRECTLY.
  # yarn lockfile v1
  
  
  yarn@^1.22.19:
    version "1.22.19"
    resolved "https://registry.yarnpkg.com/yarn/-/yarn-1.22.19.tgz#4ba7fc5c6e704fce2066ecbfb0b0d8976fe62447"
    integrity sha512-/0V5q0WbslqnwP91tirOvldvYISzaqhClxzyUKXYxs07yUILIs5jx/k6CFe8bvKSkds5w+eiOqta39Wk3WxdcQ==
